<?xml version="1.0" encoding="UTF-8"?>
<testsuite xmlns:xsi="http://www.w3.org/2001/XMLSchema-instance" xsi:noNamespaceSchemaLocation="https://maven.apache.org/surefire/maven-surefire-plugin/xsd/surefire-test-report.xsd" version="3.0.2" name="com.tpscatcher.fix.FixBinaryToAsciiServiceTest" time="0.018" tests="5" errors="0" skipped="0" failures="0">
  <properties>
[...]
</properties>
  <testcase name="rejectsOddLengthHexInput" classname="com.tpscatcher.fix.FixBinaryToAsciiServiceTest" time="0.008"/>
  <testcase name="convertsBase64EncodedFixMessageToAscii" classname="com.tpscatcher.fix.FixBinaryToAsciiServiceTest" time="0.0"/>
  <testcase name="convertsFixDelimitersToReadablePipes" classname="com.tpscatcher.fix.FixBinaryToAsciiServiceTest" time="0.0"/>
  <testcase name="rejectsInvalidBase64Input" classname="com.tpscatcher.fix.FixBinaryToAsciiServiceTest" time="0.001"/>
  <testcase name="convertsHexEncodedFixMessageToAscii" classname="com.tpscatcher.fix.FixBinaryToAsciiServiceTest" time="0.0"/>
</testsuite>